INFO  2016-02-05 10:21:20,423 (Saros.java:220) Starting Saros 14.10.31 running:
  Java Version: 1.8.0_65
  Java Vendor: Oracle Corporation
  Eclipse Runtime Version: 3.11.1.v20150903-1804
  Operating System: Windows 10 (10.0)
  Hardware Architecture: amd64
INFO  2016-02-05 10:21:21,136 (SarosContext.java:153) creating Saros runtime context...
DEBUG 2016-02-05 10:21:21,389 (XMPPAccountStore.java:117) loading accounts from file: C:\Users\Student\.saros\config.dat
DEBUG 2016-02-05 10:21:24,102 (XMPPAccountStore.java:176) loaded 1 account(s)
INFO  2016-02-05 10:21:25,269 (SarosContext.java:199) successfully created Saros runtime context
DEBUG 2016-02-05 10:21:25,424 (DataTransferManager.java:467) used transport order for the current XMPP connection: [XMPP-Socks5-Transport, XMPP-IBB-Transport]
INFO  2016-02-05 10:21:25,520 (PreferenceInitializer.java:50) initializing preference default values
DEBUG 2016-02-05 10:21:26,445 (SarosAnnotation.java:117) resetting annotation colors
DEBUG 2016-02-05 10:21:27,303 (Saros.java:430) skipping conversion of old XMPP accounts, because there are already new ones
DEBUG 2016-02-05 10:21:52,726 (SharedDocumentProvider.java:77) SharedDocumentProvider created by Eclipse
DEBUG 2016-02-05 10:22:13,975 (WhiteboardManager.java:194) WhiteboardManager instantiated
DEBUG 2016-02-05 10:22:14,616 (DocumentRecord.java:93) Added Node: attr(145469653460768226) name=svg
DEBUG 2016-02-05 10:22:15,745 (XMPPConnectionService.java:439) started Socks5 proxy on port: 7777 [listening on all interfaces]
DEBUG 2016-02-05 10:22:16,711 (XMPPConnectionService.java:459) using autodetected addresses: [10.110.176.141, 2001:0:5ef5:79fd:28a7:7b11:2e17:6aea, fe80:0:0:0:28a7:7b11:2e17:6aea%net2, fe80:0:0:0:5c73:c9ef:87db:7148%wlan3]
DEBUG 2016-02-05 10:22:17,064 (XMPPConnectionService.java:398)  new connection state == CONNECTING
DEBUG 2016-02-05 10:22:21,146 (XMPPConnectionService.java:398) hbhs_robotics@saros-con.imp.fu-berlin.de/Saros new connection state == CONNECTED
DEBUG 2016-02-05 10:22:21,147 (DataTransferManager.java:467) used transport order for the current XMPP connection: [XMPP-Socks5-Transport, XMPP-IBB-Transport]
DEBUG 2016-02-05 10:22:21,152 (SkypeManager.java:289) Refreshing Skype username cache...
WARN  2016-02-05 10:22:27,474 (StunServiceImpl.java:420) received no response from STUN server stunserver.org/69.172.201.208:3478 at local address /10.110.176.141:0
ERROR 2016-02-05 10:51:19,037 (XMPPConnectionService.java:101) XMPP connection error: 
java.net.SocketException: Software caused connection abort: recv failed
	at java.net.SocketInputStream.socketRead0(Native Method)
	at java.net.SocketInputStream.socketRead(Unknown Source)
	at java.net.SocketInputStream.read(Unknown Source)
	at java.net.SocketInputStream.read(Unknown Source)
	at sun.security.ssl.InputRecord.readFully(Unknown Source)
	at sun.security.ssl.InputRecord.read(Unknown Source)
	at sun.security.ssl.SSLSocketImpl.readRecord(Unknown Source)
	at sun.security.ssl.SSLSocketImpl.readDataRecord(Unknown Source)
	at sun.security.ssl.AppInputStream.read(Unknown Source)
	at sun.nio.cs.StreamDecoder.readBytes(Unknown Source)
	at sun.nio.cs.StreamDecoder.implRead(Unknown Source)
	at sun.nio.cs.StreamDecoder.read(Unknown Source)
	at java.io.InputStreamReader.read(Unknown Source)
	at java.io.BufferedReader.fill(Unknown Source)
	at java.io.BufferedReader.read1(Unknown Source)
	at java.io.BufferedReader.read(Unknown Source)
	at org.xmlpull.mxp1.MXParser.fillBuf(MXParser.java:2992)
	at org.xmlpull.mxp1.MXParser.more(MXParser.java:3046)
	at org.xmlpull.mxp1.MXParser.nextImpl(MXParser.java:1144)
	at org.xmlpull.mxp1.MXParser.next(MXParser.java:1093)
	at org.jivesoftware.smack.PacketReader.parsePackets(PacketReader.java:312)
	at org.jivesoftware.smack.PacketReader.access$000(PacketReader.java:48)
	at org.jivesoftware.smack.PacketReader$1.run(PacketReader.java:76)
ERROR 2016-02-05 10:51:19,711 (XMPPConnectionService.java:400)  new connection state == ERROR
java.net.SocketException: Software caused connection abort: recv failed
	at java.net.SocketInputStream.socketRead0(Native Method)
	at java.net.SocketInputStream.socketRead(Unknown Source)
	at java.net.SocketInputStream.read(Unknown Source)
	at java.net.SocketInputStream.read(Unknown Source)
	at sun.security.ssl.InputRecord.readFully(Unknown Source)
	at sun.security.ssl.InputRecord.read(Unknown Source)
	at sun.security.ssl.SSLSocketImpl.readRecord(Unknown Source)
	at sun.security.ssl.SSLSocketImpl.readDataRecord(Unknown Source)
	at sun.security.ssl.AppInputStream.read(Unknown Source)
	at sun.nio.cs.StreamDecoder.readBytes(Unknown Source)
	at sun.nio.cs.StreamDecoder.implRead(Unknown Source)
	at sun.nio.cs.StreamDecoder.read(Unknown Source)
	at java.io.InputStreamReader.read(Unknown Source)
	at java.io.BufferedReader.fill(Unknown Source)
	at java.io.BufferedReader.read1(Unknown Source)
	at java.io.BufferedReader.read(Unknown Source)
	at org.xmlpull.mxp1.MXParser.fillBuf(MXParser.java:2992)
	at org.xmlpull.mxp1.MXParser.more(MXParser.java:3046)
	at org.xmlpull.mxp1.MXParser.nextImpl(MXParser.java:1144)
	at org.xmlpull.mxp1.MXParser.next(MXParser.java:1093)
	at org.jivesoftware.smack.PacketReader.parsePackets(PacketReader.java:312)
	at org.jivesoftware.smack.PacketReader.access$000(PacketReader.java:48)
	at org.jivesoftware.smack.PacketReader$1.run(PacketReader.java:76)
DEBUG 2016-02-05 10:51:19,995 (XMPPConnectionService.java:398)  new connection state == NOT_CONNECTED
