INFO  2016-02-11 10:35:20,871 (Saros.java:220) Starting Saros 14.10.31 running:
  Java Version: 1.8.0_65
  Java Vendor: Oracle Corporation
  Eclipse Runtime Version: 3.11.1.v20150903-1804
  Operating System: Windows 10 (10.0)
  Hardware Architecture: amd64
INFO  2016-02-11 10:35:21,241 (SarosContext.java:153) creating Saros runtime context...
DEBUG 2016-02-11 10:35:21,601 (XMPPAccountStore.java:117) loading accounts from file: C:\Users\Student\.saros\config.dat
DEBUG 2016-02-11 10:35:24,151 (XMPPAccountStore.java:176) loaded 1 account(s)
INFO  2016-02-11 10:35:25,201 (SarosContext.java:199) successfully created Saros runtime context
DEBUG 2016-02-11 10:35:25,481 (DataTransferManager.java:467) used transport order for the current XMPP connection: [XMPP-Socks5-Transport, XMPP-IBB-Transport]
INFO  2016-02-11 10:35:25,591 (PreferenceInitializer.java:50) initializing preference default values
DEBUG 2016-02-11 10:35:26,311 (SarosAnnotation.java:117) resetting annotation colors
DEBUG 2016-02-11 10:35:27,418 (Saros.java:430) skipping conversion of old XMPP accounts, because there are already new ones
DEBUG 2016-02-11 10:35:52,679 (SharedDocumentProvider.java:77) SharedDocumentProvider created by Eclipse
DEBUG 2016-02-11 10:36:14,629 (WhiteboardManager.java:194) WhiteboardManager instantiated
DEBUG 2016-02-11 10:36:14,799 (DocumentRecord.java:93) Added Node: attr(14552157747898023) name=svg
DEBUG 2016-02-11 10:36:16,029 (XMPPConnectionService.java:439) started Socks5 proxy on port: 7777 [listening on all interfaces]
DEBUG 2016-02-11 10:36:16,319 (XMPPConnectionService.java:459) using autodetected addresses: [10.110.176.141, 2001:0:5ef5:79fb:10d8:e018:2e17:6aea, fe80:0:0:0:10d8:e018:2e17:6aea%net2, fe80:0:0:0:5c73:c9ef:87db:7148%wlan3]
DEBUG 2016-02-11 10:36:16,439 (XMPPConnectionService.java:398)  new connection state == CONNECTING
DEBUG 2016-02-11 10:36:20,890 (XMPPConnectionService.java:398) hbhs_robotics@saros-con.imp.fu-berlin.de/Saros new connection state == CONNECTED
DEBUG 2016-02-11 10:36:20,890 (DataTransferManager.java:467) used transport order for the current XMPP connection: [XMPP-Socks5-Transport, XMPP-IBB-Transport]
DEBUG 2016-02-11 10:36:20,899 (SkypeManager.java:289) Refreshing Skype username cache...
WARN  2016-02-11 10:36:27,660 (StunServiceImpl.java:420) received no response from STUN server stunserver.org/69.172.201.208:3478 at local address /10.110.176.141:0
DEBUG 2016-02-11 11:14:08,709 (XMPPConnectionService.java:398) hbhs_robotics@saros-con.imp.fu-berlin.de/Saros new connection state == DISCONNECTING
DEBUG 2016-02-11 11:14:08,880 (XMPPConnectionService.java:398)  new connection state == NOT_CONNECTED
DEBUG 2016-02-11 11:14:08,880 (UPnPServiceImpl.java:295) deleting existing port mappings
