INFO  2016-01-20 08:38:06,093 (Saros.java:220) Starting Saros 14.10.31 running:
  Java Version: 1.8.0_65
  Java Vendor: Oracle Corporation
  Eclipse Runtime Version: 3.11.1.v20150903-1804
  Operating System: Windows 10 (10.0)
  Hardware Architecture: amd64
INFO  2016-01-20 08:38:06,193 (SarosContext.java:153) creating Saros runtime context...
DEBUG 2016-01-20 08:38:06,333 (XMPPAccountStore.java:117) loading accounts from file: C:\Users\Student\.saros\config.dat
DEBUG 2016-01-20 08:38:07,599 (XMPPAccountStore.java:176) loaded 1 account(s)
INFO  2016-01-20 08:38:08,432 (SarosContext.java:199) successfully created Saros runtime context
DEBUG 2016-01-20 08:38:08,555 (DataTransferManager.java:467) used transport order for the current XMPP connection: [XMPP-Socks5-Transport, XMPP-IBB-Transport]
INFO  2016-01-20 08:38:08,877 (PreferenceInitializer.java:50) initializing preference default values
DEBUG 2016-01-20 08:38:09,159 (SarosAnnotation.java:117) resetting annotation colors
DEBUG 2016-01-20 08:38:09,618 (Saros.java:264) autogenerated favorite color id is: 3
DEBUG 2016-01-20 08:38:09,622 (Saros.java:430) skipping conversion of old XMPP accounts, because there are already new ones
DEBUG 2016-01-20 08:38:29,601 (SharedDocumentProvider.java:77) SharedDocumentProvider created by Eclipse
DEBUG 2016-01-20 08:38:56,680 (WhiteboardManager.java:194) WhiteboardManager instantiated
DEBUG 2016-01-20 08:38:57,650 (DocumentRecord.java:93) Added Node: attr(145330793764023228) name=svg
DEBUG 2016-01-20 08:38:58,874 (XMPPConnectionService.java:439) started Socks5 proxy on port: 7777 [listening on all interfaces]
DEBUG 2016-01-20 08:38:59,345 (XMPPConnectionService.java:459) using autodetected addresses: [10.110.176.141, 2001:0:5ef5:79fd:1cc5:3e48:2e17:6aea, fe80:0:0:0:1cc5:3e48:2e17:6aea%net2, fe80:0:0:0:5c73:c9ef:87db:7148%wlan2]
DEBUG 2016-01-20 08:38:59,485 (XMPPConnectionService.java:398)  new connection state == CONNECTING
DEBUG 2016-01-20 08:39:03,511 (XMPPConnectionService.java:398) hbhs_robotics@saros-con.imp.fu-berlin.de/Saros new connection state == CONNECTED
DEBUG 2016-01-20 08:39:03,515 (DataTransferManager.java:467) used transport order for the current XMPP connection: [XMPP-Socks5-Transport, XMPP-IBB-Transport]
DEBUG 2016-01-20 08:39:03,523 (SkypeManager.java:289) Refreshing Skype username cache...
INFO  2016-01-20 08:39:03,876 (SingleUserChatService.java:84) chat created between hbhs_robotics@saros-con.imp.fu-berlin.de/Saros <->saros-con.imp.fu-berlin.de, created local: false
WARN  2016-01-20 08:39:09,966 (StunServiceImpl.java:420) received no response from STUN server stunserver.org/69.172.201.208:3478 at local address /10.110.176.141:0
DEBUG 2016-01-20 09:11:56,371 (XMPPConnectionService.java:398) hbhs_robotics@saros-con.imp.fu-berlin.de/Saros new connection state == DISCONNECTING
DEBUG 2016-01-20 09:11:56,531 (XMPPConnectionService.java:398)  new connection state == NOT_CONNECTED
DEBUG 2016-01-20 09:11:56,531 (UPnPServiceImpl.java:295) deleting existing port mappings
